  Graph.cpp
D:\Max\Рабочий стол\Инфа\Лабораторные\№32 (коммивояжёр)\№32 (коммивояжер)\№32 (коммивояжер)\Graph.h(219): warning C4091: extern : пропускается слева от "vertCoord", когда ни одна переменная не объявлена
D:\Max\Рабочий стол\Инфа\Лабораторные\№32 (коммивояжёр)\№32 (коммивояжер)\№32 (коммивояжер)\Graph.cpp(26): warning C4101: answer: неиспользованная локальная переменная
D:\Max\Рабочий стол\Инфа\Лабораторные\№32 (коммивояжёр)\№32 (коммивояжер)\№32 (коммивояжер)\Graph.cpp(79): warning C4244: =: преобразование "float" в "int", возможна потеря данных
D:\Max\Рабочий стол\Инфа\Лабораторные\№32 (коммивояжёр)\№32 (коммивояжер)\№32 (коммивояжер)\Graph.cpp(80): warning C4244: =: преобразование "float" в "int", возможна потеря данных
D:\Max\Рабочий стол\Инфа\Лабораторные\№32 (коммивояжёр)\№32 (коммивояжер)\№32 (коммивояжер)\Graph.cpp(85): warning C4305: аргумент: усечение из "double" в "GLfloat"
D:\Max\Рабочий стол\Инфа\Лабораторные\№32 (коммивояжёр)\№32 (коммивояжер)\№32 (коммивояжер)\Graph.cpp(115): warning C4018: <: несоответствие типов со знаком и без знака
D:\Max\Рабочий стол\Инфа\Лабораторные\№32 (коммивояжёр)\№32 (коммивояжер)\№32 (коммивояжер)\Graph.cpp(158): warning C4305: аргумент: усечение из "double" в "GLclampf"
D:\Max\Рабочий стол\Инфа\Лабораторные\№32 (коммивояжёр)\№32 (коммивояжер)\№32 (коммивояжер)\Graph.h(60): warning C4018: <: несоответствие типов со знаком и без знака
  D:\Max\Рабочий стол\Инфа\Лабораторные\№32 (коммивояжёр)\№32 (коммивояжер)\№32 (коммивояжер)\Graph.h(59): note: при компиляции функции-члена "<Нет данных>" класса класс <Нет данных>
  D:\Max\Рабочий стол\Инфа\Лабораторные\№32 (коммивояжёр)\№32 (коммивояжер)\№32 (коммивояжер)\Graph.h(145): note: выполняется компиляция ссылки на экземпляр шаблон функции "int Graph<int>::GetVertPos(const T &)"
          with
          [
              T=int
          ]
  D:\Max\Рабочий стол\Инфа\Лабораторные\№32 (коммивояжёр)\№32 (коммивояжер)\№32 (коммивояжер)\Graph.h(41): note: при компиляции функции-члена "<Нет данных>" класса класс <Нет данных>
  D:\Max\Рабочий стол\Инфа\Лабораторные\№32 (коммивояжёр)\№32 (коммивояжер)\№32 (коммивояжер)\Graph.cpp(12): note: выполняется компиляция ссылки на экземпляр шаблон функции "Graph<int>::Graph(void)"
  D:\Max\Рабочий стол\Инфа\Лабораторные\№32 (коммивояжёр)\№32 (коммивояжер)\№32 (коммивояжер)\Graph.cpp(12): note: выполняется компиляция ссылки на экземпляр шаблон класс "Graph<int>"
  №32 (коммивояжер).cpp
D:\Max\Рабочий стол\Инфа\Лабораторные\№32 (коммивояжёр)\№32 (коммивояжер)\№32 (коммивояжер)\Graph.h(219): warning C4091: extern : пропускается слева от "vertCoord", когда ни одна переменная не объявлена
  Создание кода...
  №32 (коммивояжер).vcxproj -> D:\Max\Рабочий стол\Инфа\Лабораторные\№32 (коммивояжёр)\№32 (коммивояжер)\Debug\№32 (коммивояжер).exe
